Resolving dependencies...
Downloading packages...
  google_fonts 6.3.3 (8.0.2 available)
  home_widget 0.6.0 (0.9.1 available)
  js 0.6.7 (0.7.2 available)
  meta 1.17.0 (1.18.2 available)
  socket_io_client 2.0.3+1 (3.1.4 available)
  socket_io_common 2.0.3 (3.1.1 available)
  test_api 0.7.10 (0.7.11 available)
  vector_math 2.2.0 (2.3.0 available)
Got dependencies!
8 packages have newer versions incompatible with dependency constraints.
Try `flutter pub outdated` for more information.
Analyzing queueless...                                          

warning - The value of the field '_eventBus' isn't used - lib\core\commands\command.dart:18:18 - unused_field
   info - Dangling library doc comment - lib\core\constants\app_config.dart:6:1 - dangling_library_doc_comments
   info - Unnecessary braces in a string interpolation - lib\models\appointment_model.dart:60:46 - unnecessary_brace_in_string_interps
   info - Unnecessary braces in a string interpolation - lib\models\queue_model.dart:83:46 - unnecessary_brace_in_string_interps
   info - Use the null-aware marker '?' rather than a null check via an 'if' - lib\providers\appointment_provider.dart:156:9 - use_null_aware_elements
   info - Use the null-aware marker '?' rather than a null check via an 'if' - lib\providers\appointment_provider.dart:157:9 - use_null_aware_elements
   info - Use the null-aware marker '?' rather than a null check via an 'if' - lib\providers\appointment_provider.dart:158:9 - use_null_aware_elements
   info - Use the null-aware marker '?' rather than a null check via an 'if' - lib\providers\appointment_provider.dart:159:9 - use_null_aware_elements
   info - Use the null-aware marker '?' rather than a null check via an 'if' - lib\providers\product_provider.dart:54:9 - use_null_aware_elements
   info - Use the null-aware marker '?' rather than a null check via an 'if' - lib\providers\queue_provider.dart:158:9 - use_null_aware_elements
   info - 'withOpacity' is deprecated and shouldn't be used. Use .withValues() to avoid precision loss - lib\screens\auth\login_screen.dart:158:47 - deprecated_member_use
   info - 'withOpacity' is deprecated and shouldn't be used. Use .withValues() to avoid precision loss - lib\screens\auth\login_screen.dart:159:47 - deprecated_member_use
   info - 'withOpacity' is deprecated and shouldn't be used. Use .withValues() to avoid precision loss - lib\screens\auth\login_screen.dart:188:49 - deprecated_member_use
   info - 'withOpacity' is deprecated and shouldn't be used. Use .withValues() to avoid precision loss - lib\screens\auth\login_screen.dart:189:49 - deprecated_member_use
   info - 'withOpacity' is deprecated and shouldn't be used. Use .withValues() to avoid precision loss - lib\screens\auth\login_screen.dart:219:46 - deprecated_member_use
   info - 'withOpacity' is deprecated and shouldn't be used. Use .withValues() to avoid precision loss - lib\screens\auth\login_screen.dart:220:46 - deprecated_member_use
   info - 'withOpacity' is deprecated and shouldn't be used. Use .withValues() to avoid precision loss - lib\screens\auth\login_screen.dart:278:78 - deprecated_member_use
   info - 'withOpacity' is deprecated and shouldn't be used. Use .withValues() to avoid precision loss - lib\screens\auth\login_screen.dart:300:66 - deprecated_member_use
   info - Unnecessary use of multiple underscores - lib\screens\auth\login_screen.dart:332:54 - unnecessary_underscores
   info - Unnecessary use of multiple underscores - lib\screens\auth\login_screen.dart:332:58 - unnecessary_underscores
   info - Unnecessary use of multiple underscores - lib\screens\auth\login_screen.dart:334:72 - unnecessary_underscores
   info - 'withOpacity' is deprecated and shouldn't be used. Use .withValues() to avoid precision loss - lib\screens\auth\login_screen.dart:438:48 - deprecated_member_use
   info - 'withOpacity' is deprecated and shouldn't be used. Use .withValues() to avoid precision loss - lib\screens\auth\login_screen.dart:440:67 - deprecated_member_use
   info - 'withOpacity' is deprecated and shouldn't be used. Use .withValues() to avoid precision loss - lib\screens\auth\login_screen.dart:471:46 - deprecated_member_use
   info - 'withOpacity' is deprecated and shouldn't be used. Use .withValues() to avoid precision loss - lib\screens\auth\login_screen.dart:528:44 - deprecated_member_use
   info - 'withOpacity' is deprecated and shouldn't be used. Use .withValues() to avoid precision loss - lib\screens\auth\login_screen.dart:533:46 - deprecated_member_use
   info - 'withOpacity' is deprecated and shouldn't be used. Use .withValues() to avoid precision loss - lib\screens\auth\login_screen.dart:573:57 - deprecated_member_use
   info - 'withOpacity' is deprecated and shouldn't be used. Use .withValues() to avoid precision loss - lib\screens\auth\login_screen.dart:576:33 - deprecated_member_use
warning - The declaration '_ParticlePainter' isn't referenced - lib\screens\auth\login_screen.dart:608:7 - unused_element
   info - 'withOpacity' is deprecated and shouldn't be used. Use .withValues() to avoid precision loss - lib\screens\auth\login_screen.dart:621:42 - deprecated_member_use
   info - 'withOpacity' is deprecated and shouldn't be used. Use .withValues() to avoid precision loss - lib\screens\auth\register_screen.dart:171:76 - deprecated_member_use
   info - 'withOpacity' is deprecated and shouldn't be used. Use .withValues() to avoid precision loss - lib\screens\auth\register_screen.dart:225:54 - deprecated_member_use
   info - 'withOpacity' is deprecated and shouldn't be used. Use .withValues() to avoid precision loss - lib\screens\auth\register_screen.dart:225:91 - deprecated_member_use
   info - 'withOpacity' is deprecated and shouldn't be used. Use .withValues() to avoid precision loss - lib\screens\auth\register_screen.dart:226:56 - deprecated_member_use
   info - 'withOpacity' is deprecated and shouldn't be used. Use .withValues() to avoid precision loss - lib\screens\auth\register_screen.dart:226:95 - deprecated_member_use
   info - 'withOpacity' is deprecated and shouldn't be used. Use .withValues() to avoid precision loss - lib\screens\auth\register_screen.dart:271:43 - deprecated_member_use
   info - 'withOpacity' is deprecated and shouldn't be used. Use .withValues() to avoid precision loss - lib\screens\auth\register_screen.dart:279:33 - deprecated_member_use
   info - 'withOpacity' is deprecated and shouldn't be used. Use .withValues() to avoid precision loss - lib\screens\auth\register_screen.dart:437:70 - deprecated_member_use
   info - 'withOpacity' is deprecated and shouldn't be used. Use .withValues() to avoid precision loss - lib\screens\auth\register_screen.dart:491:57 - deprecated_member_use
   info - 'withOpacity' is deprecated and shouldn't be used. Use .withValues() to avoid precision loss - lib\screens\auth\register_screen.dart:498:49 - deprecated_member_use
   info - 'withOpacity' is deprecated and shouldn't be used. Use .withValues() to avoid precision loss - lib\screens\auth\role_selection_screen.dart:88:52 - deprecated_member_use
   info - 'withOpacity' is deprecated and shouldn't be used. Use .withValues() to avoid precision loss - lib\screens\auth\role_selection_screen.dart:113:54 - deprecated_member_use
   info - Unnecessary use of multiple underscores - lib\screens\auth\role_selection_screen.dart:225:30 - unnecessary_underscores
   info - Unnecessary use of multiple underscores - lib\screens\auth\role_selection_screen.dart:225:34 - unnecessary_underscores
   info - Unnecessary use of multiple underscores - lib\screens\auth\role_selection_screen.dart:227:48 - unnecessary_underscores
   info - 'withOpacity' is deprecated and shouldn't be used. Use .withValues() to avoid precision loss - lib\screens\auth\role_selection_screen.dart:247:43 - deprecated_member_use
   info - 'withOpacity' is deprecated and shouldn't be used. Use .withValues() to avoid precision loss - lib\screens\auth\role_selection_screen.dart:250:28 - deprecated_member_use
   info - 'withOpacity' is deprecated and shouldn't be used. Use .withValues() to avoid precision loss - lib\screens\auth\role_selection_screen.dart:264:34 - deprecated_member_use
   info - 'withOpacity' is deprecated and shouldn't be used. Use .withValues() to avoid precision loss - lib\screens\auth\role_selection_screen.dart:264:59 - deprecated_member_use
   info - 'withOpacity' is deprecated and shouldn't be used. Use .withValues() to avoid precision loss - lib\screens\auth\role_selection_screen.dart:269:49 - deprecated_member_use
   info - 'withOpacity' is deprecated and shouldn't be used. Use .withValues() to avoid precision loss - lib\screens\auth\role_selection_screen.dart:300:30 - deprecated_member_use
warning - Unused import: 'dart:math' - lib\screens\business\availability_screen.dart:10:8 - unused_import
   info - Unnecessary override - lib\screens\business\business_home_screen.dart:41:8 - unnecessary_overrides
   info - 'withOpacity' is deprecated and shouldn't be used. Use .withValues() to avoid precision loss - lib\screens\business\business_home_screen.dart:206:44 - deprecated_member_use
   info - 'withOpacity' is deprecated and shouldn't be used. Use .withValues() to avoid precision loss - lib\screens\business\business_home_screen.dart:287:65 - deprecated_member_use
   info - 'withOpacity' is deprecated and shouldn't be used. Use .withValues() to avoid precision loss - lib\screens\business\business_home_screen.dart:290:33 - deprecated_member_use
warning - The operand can't be 'null', so the condition is always 'false' - lib\screens\business\business_reviews_screen.dart:129:20 - unnecessary_null_comparison
   info - Don't use 'BuildContext's across async gaps, guarded by an unrelated 'mounted' check - lib\screens\business\business_settings_screen.dart:455:21 - use_build_context_synchronously
   info - 'withOpacity' is deprecated and shouldn't be used. Use .withValues() to avoid precision loss - lib\screens\business\discount_management_screen.dart:305:56 - deprecated_member_use
   info - 'withOpacity' is deprecated and shouldn't be used. Use .withValues() to avoid precision loss - lib\screens\business\discount_management_screen.dart:320:45 - deprecated_member_use
   info - 'withOpacity' is deprecated and shouldn't be used. Use .withValues() to avoid precision loss - lib\screens\business\discount_management_screen.dart:321:46 - deprecated_member_use
   info - 'activeColor' is deprecated and shouldn't be used. Use activeThumbColor instead. This feature was deprecated after v3.31.0-2.0.pre - lib\screens\business\discount_management_screen.dart:338:19 - deprecated_member_use
   info - 'withOpacity' is deprecated and shouldn't be used. Use .withValues() to avoid precision loss - lib\screens\business\discount_management_screen.dart:412:22 - deprecated_member_use
warning - Unused import: '../../../core/constants/app_strings.dart' - lib\screens\business\product_management_screen.dart:4:8 - unused_import
warning - Unused import: '../../../core/utils/validators.dart' - lib\screens\business\product_management_screen.dart:12:8 - unused_import
warning - Unused import: '../../../models/appointment_model.dart' - lib\screens\customer\business_detail_screen.dart:10:8 - unused_import
warning - Unused import: 'dart:math' - lib\screens\customer\business_detail_screen.dart:21:8 - unused_import
   info - 'withOpacity' is deprecated and shouldn't be used. Use .withValues() to avoid precision loss - lib\screens\customer\business_detail_screen.dart:205:43 - deprecated_member_use
   info - 'withOpacity' is deprecated and shouldn't be used. Use .withValues() to avoid precision loss - lib\screens\customer\business_detail_screen.dart:338:48 - deprecated_member_use
   info - 'withOpacity' is deprecated and shouldn't be used. Use .withValues() to avoid precision loss - lib\screens\customer\business_detail_screen.dart:340:67 - deprecated_member_use
   info - 'withOpacity' is deprecated and shouldn't be used. Use .withValues() to avoid precision loss - lib\screens\customer\business_detail_screen.dart:352:48 - deprecated_member_use
   info - 'withOpacity' is deprecated and shouldn't be used. Use .withValues() to avoid precision loss - lib\screens\customer\business_detail_screen.dart:352:81 - deprecated_member_use
   info - 'withOpacity' is deprecated and shouldn't be used. Use .withValues() to avoid precision loss - lib\screens\customer\business_detail_screen.dart:365:90 - deprecated_member_use
   info - Unnecessary use of string interpolation - lib\screens\customer\business_detail_screen.dart:370:27 - unnecessary_string_interpolations
   info - 'withOpacity' is deprecated and shouldn't be used. Use .withValues() to avoid precision loss - lib\screens\customer\business_detail_screen.dart:460:44 - deprecated_member_use
   info - 'withOpacity' is deprecated and shouldn't be used. Use .withValues() to avoid precision loss - lib\screens\customer\business_detail_screen.dart:460:83 - deprecated_member_use
warning - The value of the local variable 'showAppt' isn't used - lib\screens\customer\business_detail_screen.dart:482:11 - unused_local_variable
   info - Don't use 'BuildContext's across async gaps - lib\screens\customer\business_detail_screen.dart:544:58 - use_build_context_synchronously
   info - Don't use 'BuildContext's across async gaps - lib\screens\customer\business_detail_screen.dart:548:58 - use_build_context_synchronously
warning - The declaration '_buildRatingSection' isn't referenced - lib\screens\customer\business_detail_screen.dart:571:10 - unused_element
   info - Don't use 'BuildContext's across async gaps, guarded by an unrelated 'mounted' check - lib\screens\customer\business_detail_screen.dart:712:46 - use_build_context_synchronously
   info - 'withOpacity' is deprecated and shouldn't be used. Use .withValues() to avoid precision loss - lib\screens\customer\business_detail_screen.dart:1009:71 - deprecated_member_use
   info - 'withOpacity' is deprecated and shouldn't be used. Use .withValues() to avoid precision loss - lib\screens\customer\business_detail_screen.dart:1030:50 - deprecated_member_use
   info - 'withOpacity' is deprecated and shouldn't be used. Use .withValues() to avoid precision loss - lib\screens\customer\business_detail_screen.dart:1071:62 - deprecated_member_use
   info - Don't use 'BuildContext's across async gaps, guarded by an unrelated 'mounted' check - lib\screens\customer\business_detail_screen.dart:1119:7 - use_build_context_synchronously
warning - Unused import: '../../../core/utils/page_transitions.dart' - lib\screens\customer\business_list_screen.dart:8:8 - unused_import
   info - Use of 'return' in a 'finally' clause - lib\screens\customer\cart_screen.dart:88:21 - control_flow_in_finally
   info - 'withOpacity' is deprecated and shouldn't be used. Use .withValues() to avoid precision loss - lib\screens\customer\customer_home_screen.dart:146:48 - deprecated_member_use
   info - 'withOpacity' is deprecated and shouldn't be used. Use .withValues() to avoid precision loss - lib\screens\customer\customer_home_screen.dart:220:65 - deprecated_member_use
   info - 'withOpacity' is deprecated and shouldn't be used. Use .withValues() to avoid precision loss - lib\screens\customer\customer_home_screen.dart:223:33 - deprecated_member_use
   info - 'withOpacity' is deprecated and shouldn't be used. Use .withValues() to avoid precision loss - lib\screens\customer\customer_home_screen.dart:324:47 - deprecated_member_use
   info - 'withOpacity' is deprecated and shouldn't be used. Use .withValues() to avoid precision loss - lib\screens\customer\customer_settings_screen.dart:176:47 - deprecated_member_use
   info - 'withOpacity' is deprecated and shouldn't be used. Use .withValues() to avoid precision loss - lib\screens\customer\customer_settings_screen.dart:184:37 - deprecated_member_use
   info - 'withOpacity' is deprecated and shouldn't be used. Use .withValues() to avoid precision loss - lib\screens\customer\customer_settings_screen.dart:247:34 - deprecated_member_use
   info - 'withOpacity' is deprecated and shouldn't be used. Use .withValues() to avoid precision loss - lib\screens\customer\customer_settings_screen.dart:249:53 - deprecated_member_use
   info - 'withOpacity' is deprecated and shouldn't be used. Use .withValues() to avoid precision loss - lib\screens\customer\customer_settings_screen.dart:280:50 - deprecated_member_use
   info - Don't use 'BuildContext's across async gaps, guarded by an unrelated 'mounted' check - lib\screens\customer\customer_settings_screen.dart:382:21 - use_build_context_synchronously
warning - Unused import: 'dart:io' - lib\services\api_service.dart:3:8 - unused_import
   info - Don't invoke 'print' in production code - lib\services\auth_service.dart:28:5 - avoid_print
   info - Don't invoke 'print' in production code - lib\services\auth_service.dart:41:5 - avoid_print
   info - Use the null-aware marker '?' rather than a null check via an 'if' - lib\services\auth_service.dart:62:7 - use_null_aware_elements
   info - Use the null-aware marker '?' rather than a null check via an 'if' - lib\services\auth_service.dart:65:7 - use_null_aware_elements
   info - 'withOpacity' is deprecated and shouldn't be used. Use .withValues() to avoid precision loss - lib\widgets\appointment_card.dart:34:33 - deprecated_member_use
   info - 'withOpacity' is deprecated and shouldn't be used. Use .withValues() to avoid precision loss - lib\widgets\appointment_card.dart:50:53 - deprecated_member_use
   info - 'withOpacity' is deprecated and shouldn't be used. Use .withValues() to avoid precision loss - lib\widgets\appointment_card.dart:123:89 - deprecated_member_use
   info - 'withOpacity' is deprecated and shouldn't be used. Use .withValues() to avoid precision loss - lib\widgets\appointment_card.dart:197:75 - deprecated_member_use
   info - 'withOpacity' is deprecated and shouldn't be used. Use .withValues() to avoid precision loss - lib\widgets\appointment_card.dart:229:64 - deprecated_member_use
   info - 'withOpacity' is deprecated and shouldn't be used. Use .withValues() to avoid precision loss - lib\widgets\appointment_card.dart:277:22 - deprecated_member_use
   info - 'withOpacity' is deprecated and shouldn't be used. Use .withValues() to avoid precision loss - lib\widgets\business_card.dart:45:84 - deprecated_member_use
   info - 'withOpacity' is deprecated and shouldn't be used. Use .withValues() to avoid precision loss - lib\widgets\business_card.dart:52:86 - deprecated_member_use
   info - 'withOpacity' is deprecated and shouldn't be used. Use .withValues() to avoid precision loss - lib\widgets\business_card.dart:53:36 - deprecated_member_use
   info - 'withOpacity' is deprecated and shouldn't be used. Use .withValues() to avoid precision loss - lib\widgets\business_card.dart:75:90 - deprecated_member_use
   info - 'withOpacity' is deprecated and shouldn't be used. Use .withValues() to avoid precision loss - lib\widgets\business_card.dart:76:90 - deprecated_member_use
   info - 'withOpacity' is deprecated and shouldn't be used. Use .withValues() to avoid precision loss - lib\widgets\business_card.dart:94:94 - deprecated_member_use
   info - 'withOpacity' is deprecated and shouldn't be used. Use .withValues() to avoid precision loss - lib\widgets\business_card.dart:95:93 - deprecated_member_use
   info - 'withOpacity' is deprecated and shouldn't be used. Use .withValues() to avoid precision loss - lib\widgets\business_card.dart:102:99 - deprecated_member_use
   info - 'withOpacity' is deprecated and shouldn't be used. Use .withValues() to avoid precision loss - lib\widgets\business_card.dart:159:63 - deprecated_member_use
   info - 'withOpacity' is deprecated and shouldn't be used. Use .withValues() to avoid precision loss - lib\widgets\business_card.dart:196:27 - deprecated_member_use
   info - 'withOpacity' is deprecated and shouldn't be used. Use .withValues() to avoid precision loss - lib\widgets\business_card.dart:197:27 - deprecated_member_use
   info - 'withOpacity' is deprecated and shouldn't be used. Use .withValues() to avoid precision loss - lib\widgets\business_card.dart:224:36 - deprecated_member_use
   info - 'withOpacity' is deprecated and shouldn't be used. Use .withValues() to avoid precision loss - lib\widgets\business_card.dart:253:22 - deprecated_member_use
warning - The value of the local variable 'rect' isn't used - lib\widgets\category_background.dart:86:11 - unused_local_variable
warning - This default clause is covered by the previous cases - lib\widgets\category_background.dart:109:7 - unreachable_switch_default
   info - 'withOpacity' is deprecated and shouldn't be used. Use .withValues() to avoid precision loss - lib\widgets\category_background.dart:117:38 - deprecated_member_use
   info - 'withOpacity' is deprecated and shouldn't be used. Use .withValues() to avoid precision loss - lib\widgets\category_background.dart:132:38 - deprecated_member_use
   info - 'withOpacity' is deprecated and shouldn't be used. Use .withValues() to avoid precision loss - lib\widgets\category_background.dart:147:37 - deprecated_member_use
   info - 'withOpacity' is deprecated and shouldn't be used. Use .withValues() to avoid precision loss - lib\widgets\category_background.dart:161:38 - deprecated_member_use
   info - 'withOpacity' is deprecated and shouldn't be used. Use .withValues() to avoid precision loss - lib\widgets\category_background.dart:179:40 - deprecated_member_use
   info - 'withOpacity' is deprecated and shouldn't be used. Use .withValues() to avoid precision loss - lib\widgets\category_background.dart:198:40 - deprecated_member_use
   info - 'withOpacity' is deprecated and shouldn't be used. Use .withValues() to avoid precision loss - lib\widgets\category_background.dart:211:75 - deprecated_member_use
   info - 'withOpacity' is deprecated and shouldn't be used. Use .withValues() to avoid precision loss - lib\widgets\category_background.dart:231:41 - deprecated_member_use
   info - 'withOpacity' is deprecated and shouldn't be used. Use .withValues() to avoid precision loss - lib\widgets\loading_widget.dart:62:50 - deprecated_member_use
warning - The value of the local variable 'selectVal' isn't used - lib\widgets\product_card.dart:77:15 - unused_local_variable
   info - 'withOpacity' is deprecated and shouldn't be used. Use .withValues() to avoid precision loss - lib\widgets\product_card.dart:85:41 - deprecated_member_use
   info - 'withOpacity' is deprecated and shouldn't be used. Use .withValues() to avoid precision loss - lib\widgets\product_card.dart:95:39 - deprecated_member_use
   info - 'withOpacity' is deprecated and shouldn't be used. Use .withValues() to avoid precision loss - lib\widgets\product_card.dart:102:48 - deprecated_member_use
   info - 'withOpacity' is deprecated and shouldn't be used. Use .withValues() to avoid precision loss - lib\widgets\product_card.dart:109:43 - deprecated_member_use
   info - 'withOpacity' is deprecated and shouldn't be used. Use .withValues() to avoid precision loss - lib\widgets\product_card.dart:124:42 - deprecated_member_use
   info - 'withOpacity' is deprecated and shouldn't be used. Use .withValues() to avoid precision loss - lib\widgets\product_card.dart:148:54 - deprecated_member_use
   info - 'withOpacity' is deprecated and shouldn't be used. Use .withValues() to avoid precision loss - lib\widgets\product_card.dart:223:36 - deprecated_member_use
   info - 'withOpacity' is deprecated and shouldn't be used. Use .withValues() to avoid precision loss - lib\widgets\product_card.dart:225:36 - deprecated_member_use
   info - 'withOpacity' is deprecated and shouldn't be used. Use .withValues() to avoid precision loss - lib\widgets\product_card.dart:284:54 - deprecated_member_use
   info - 'withOpacity' is deprecated and shouldn't be used. Use .withValues() to avoid precision loss - lib\widgets\product_card.dart:299:52 - deprecated_member_use
   info - 'withOpacity' is deprecated and shouldn't be used. Use .withValues() to avoid precision loss - lib\widgets\product_card.dart:313:74 - deprecated_member_use
   info - 'withOpacity' is deprecated and shouldn't be used. Use .withValues() to avoid precision loss - lib\widgets\product_card.dart:316:76 - deprecated_member_use
   info - 'withOpacity' is deprecated and shouldn't be used. Use .withValues() to avoid precision loss - lib\widgets\product_card.dart:409:22 - deprecated_member_use
   info - 'withOpacity' is deprecated and shouldn't be used. Use .withValues() to avoid precision loss - lib\widgets\queue_card.dart:60:41 - deprecated_member_use
   info - 'withOpacity' is deprecated and shouldn't be used. Use .withValues() to avoid precision loss - lib\widgets\queue_card.dart:67:50 - deprecated_member_use
   info - 'withOpacity' is deprecated and shouldn't be used. Use .withValues() to avoid precision loss - lib\widgets\queue_card.dart:74:43 - deprecated_member_use
   info - 'withOpacity' is deprecated and shouldn't be used. Use .withValues() to avoid precision loss - lib\widgets\queue_card.dart:98:40 - deprecated_member_use
   info - 'withOpacity' is deprecated and shouldn't be used. Use .withValues() to avoid precision loss - lib\widgets\queue_card.dart:137:47 - deprecated_member_use
   info - 'withOpacity' is deprecated and shouldn't be used. Use .withValues() to avoid precision loss - lib\widgets\queue_card.dart:138:47 - deprecated_member_use
   info - 'withOpacity' is deprecated and shouldn't be used. Use .withValues() to avoid precision loss - lib\widgets\queue_card.dart:159:42 - deprecated_member_use
   info - 'withOpacity' is deprecated and shouldn't be used. Use .withValues() to avoid precision loss - lib\widgets\queue_card.dart:238:57 - deprecated_member_use

154 issues found. (ran in 3.0s)
